2025-11-17 11:17:40,254 - analysis_service.app - ERROR - Exception on / [GET]
Traceback (most recent call last):
  File "E:\Python\anaconda\Lib\site-packages\flask\app.py", line 2529, in wsgi_app
    response = self.full_dispatch_request()
               ^^^^^^^^^^^^^^^^^^^^^^^^^^^^
  File "E:\Python\anaconda\Lib\site-packages\flask\app.py", line 1825, in full_dispatch_request
    rv = self.handle_user_exception(e)
         ^^^^^^^^^^^^^^^^^^^^^^^^^^^^^
  File "E:\Python\anaconda\Lib\site-packages\flask\app.py", line 1823, in full_dispatch_request
    rv = self.dispatch_request()
         ^^^^^^^^^^^^^^^^^^^^^^^
  File "E:\Python\anaconda\Lib\site-packages\flask\app.py", line 1799, in dispatch_request
    return self.ensure_sync(self.view_functions[rule.endpoint])(**view_args)
           ^^^^^^^^^^^^^^^^^^^^^^^^^^^^^^^^^^^^^^^^^^^^^^^^^^^^^^^^^^^^^^^^^
  File "E:\项目\数字孪生\sh_analysis\analysis_service\app\__init__.py", line 60, in index
    return render_template('index.html')
           ^^^^^^^^^^^^^^^^^^^^^^^^^^^^^
  File "E:\Python\anaconda\Lib\site-packages\flask\templating.py", line 146, in render_template
    template = app.jinja_env.get_or_select_template(template_name_or_list)
               ^^^^^^^^^^^^^^^^^^^^^^^^^^^^^^^^^^^^^^^^^^^^^^^^^^^^^^^^^^^
  File "E:\Python\anaconda\Lib\site-packages\jinja2\environment.py", line 1081, in get_or_select_template
    return self.get_template(template_name_or_list, parent, globals)
           ^^^^^^^^^^^^^^^^^^^^^^^^^^^^^^^^^^^^^^^^^^^^^^^^^^^^^^^^^
  File "E:\Python\anaconda\Lib\site-packages\jinja2\environment.py", line 1010, in get_template
    return self._load_template(name, globals)
           ^^^^^^^^^^^^^^^^^^^^^^^^^^^^^^^^^^
  File "E:\Python\anaconda\Lib\site-packages\jinja2\environment.py", line 969, in _load_template
    template = self.loader.load(self, name, self.make_globals(globals))
               ^^^^^^^^^^^^^^^^^^^^^^^^^^^^^^^^^^^^^^^^^^^^^^^^^^^^^^^^
  File "E:\Python\anaconda\Lib\site-packages\jinja2\loaders.py", line 126, in load
    source, filename, uptodate = self.get_source(environment, name)
                                 ^^^^^^^^^^^^^^^^^^^^^^^^^^^^^^^^^^
  File "E:\Python\anaconda\Lib\site-packages\flask\templating.py", line 62, in get_source
    return self._get_source_fast(environment, template)
           ^^^^^^^^^^^^^^^^^^^^^^^^^^^^^^^^^^^^^^^^^^^^
  File "E:\Python\anaconda\Lib\site-packages\flask\templating.py", line 98, in _get_source_fast
    raise TemplateNotFound(template)
jinja2.exceptions.TemplateNotFound: index.html
2025-11-17 11:17:40,298 - analysis_service.app - ERROR - Exception on / [GET]
Traceback (most recent call last):
  File "E:\Python\anaconda\Lib\site-packages\flask\app.py", line 2529, in wsgi_app
    response = self.full_dispatch_request()
               ^^^^^^^^^^^^^^^^^^^^^^^^^^^^
  File "E:\Python\anaconda\Lib\site-packages\flask\app.py", line 1825, in full_dispatch_request
    rv = self.handle_user_exception(e)
         ^^^^^^^^^^^^^^^^^^^^^^^^^^^^^
  File "E:\Python\anaconda\Lib\site-packages\flask\app.py", line 1823, in full_dispatch_request
    rv = self.dispatch_request()
         ^^^^^^^^^^^^^^^^^^^^^^^
  File "E:\Python\anaconda\Lib\site-packages\flask\app.py", line 1799, in dispatch_request
    return self.ensure_sync(self.view_functions[rule.endpoint])(**view_args)
           ^^^^^^^^^^^^^^^^^^^^^^^^^^^^^^^^^^^^^^^^^^^^^^^^^^^^^^^^^^^^^^^^^
  File "E:\项目\数字孪生\sh_analysis\analysis_service\app\__init__.py", line 60, in index
    return render_template('index.html')
           ^^^^^^^^^^^^^^^^^^^^^^^^^^^^^
  File "E:\Python\anaconda\Lib\site-packages\flask\templating.py", line 146, in render_template
    template = app.jinja_env.get_or_select_template(template_name_or_list)
               ^^^^^^^^^^^^^^^^^^^^^^^^^^^^^^^^^^^^^^^^^^^^^^^^^^^^^^^^^^^
  File "E:\Python\anaconda\Lib\site-packages\jinja2\environment.py", line 1081, in get_or_select_template
    return self.get_template(template_name_or_list, parent, globals)
           ^^^^^^^^^^^^^^^^^^^^^^^^^^^^^^^^^^^^^^^^^^^^^^^^^^^^^^^^^
  File "E:\Python\anaconda\Lib\site-packages\jinja2\environment.py", line 1010, in get_template
    return self._load_template(name, globals)
           ^^^^^^^^^^^^^^^^^^^^^^^^^^^^^^^^^^
  File "E:\Python\anaconda\Lib\site-packages\jinja2\environment.py", line 969, in _load_template
    template = self.loader.load(self, name, self.make_globals(globals))
               ^^^^^^^^^^^^^^^^^^^^^^^^^^^^^^^^^^^^^^^^^^^^^^^^^^^^^^^^
  File "E:\Python\anaconda\Lib\site-packages\jinja2\loaders.py", line 126, in load
    source, filename, uptodate = self.get_source(environment, name)
                                 ^^^^^^^^^^^^^^^^^^^^^^^^^^^^^^^^^^
  File "E:\Python\anaconda\Lib\site-packages\flask\templating.py", line 62, in get_source
    return self._get_source_fast(environment, template)
           ^^^^^^^^^^^^^^^^^^^^^^^^^^^^^^^^^^^^^^^^^^^^
  File "E:\Python\anaconda\Lib\site-packages\flask\templating.py", line 98, in _get_source_fast
    raise TemplateNotFound(template)
jinja2.exceptions.TemplateNotFound: index.html
2025-11-17 15:48:20,507 - analysis_service.app - ERROR - Exception on /api/analysis/train/pre/confirm [POST]
Traceback (most recent call last):
  File "E:\Python\anaconda\Lib\site-packages\flask\wrappers.py", line 128, in on_json_loading_failed
    return super().on_json_loading_failed(e)
           ^^^^^^^^^^^^^^^^^^^^^^^^^^^^^^^^^
  File "E:\Python\anaconda\Lib\site-packages\werkzeug\wrappers\request.py", line 631, in on_json_loading_failed
    raise BadRequest(
werkzeug.exceptions.BadRequest: 400 Bad Request: Did not attempt to load JSON data because the request Content-Type was not 'application/json'.

The above exception was the direct cause of the following exception:

Traceback (most recent call last):
  File "E:\项目\数字孪生\sh_analysis\analysis_service\app\routes\preprocess.py", line 47, in preprocess_confirm
    data = request.get_json()
           ^^^^^^^^^^^^^^^^^^
  File "E:\Python\anaconda\Lib\site-packages\werkzeug\wrappers\request.py", line 591, in get_json
    return self.on_json_loading_failed(None)
           ^^^^^^^^^^^^^^^^^^^^^^^^^^^^^^^^^
  File "E:\Python\anaconda\Lib\site-packages\flask\wrappers.py", line 133, in on_json_loading_failed
    raise BadRequest() from e
werkzeug.exceptions.BadRequest: 400 Bad Request: The browser (or proxy) sent a request that this server could not understand.

During handling of the above exception, another exception occurred:

Traceback (most recent call last):
  File "E:\Python\anaconda\Lib\site-packages\flask\app.py", line 2529, in wsgi_app
    response = self.full_dispatch_request()
               ^^^^^^^^^^^^^^^^^^^^^^^^^^^^
  File "E:\Python\anaconda\Lib\site-packages\flask\app.py", line 1825, in full_dispatch_request
    rv = self.handle_user_exception(e)
         ^^^^^^^^^^^^^^^^^^^^^^^^^^^^^
  File "E:\Python\anaconda\Lib\site-packages\flask\app.py", line 1823, in full_dispatch_request
    rv = self.dispatch_request()
         ^^^^^^^^^^^^^^^^^^^^^^^
  File "E:\Python\anaconda\Lib\site-packages\flask\app.py", line 1799, in dispatch_request
    return self.ensure_sync(self.view_functions[rule.endpoint])(**view_args)
           ^^^^^^^^^^^^^^^^^^^^^^^^^^^^^^^^^^^^^^^^^^^^^^^^^^^^^^^^^^^^^^^^^
  File "E:\项目\数字孪生\sh_analysis\analysis_service\app\utils\auth.py", line 23, in decorated
    return f(*args, **kwargs)
           ^^^^^^^^^^^^^^^^^^
  File "E:\项目\数字孪生\sh_analysis\analysis_service\app\routes\preprocess.py", line 293, in preprocess_confirm
    if room_id:
       ^^^^^^^
UnboundLocalError: cannot access local variable 'room_id' where it is not associated with a value
2025-11-17 15:50:04,065 - analysis_service.app - ERROR - Exception on /api/analysis/train/pre/confirm [POST]
Traceback (most recent call last):
  File "E:\Python\anaconda\Lib\site-packages\flask\wrappers.py", line 128, in on_json_loading_failed
    return super().on_json_loading_failed(e)
           ^^^^^^^^^^^^^^^^^^^^^^^^^^^^^^^^^
  File "E:\Python\anaconda\Lib\site-packages\werkzeug\wrappers\request.py", line 631, in on_json_loading_failed
    raise BadRequest(
werkzeug.exceptions.BadRequest: 400 Bad Request: Did not attempt to load JSON data because the request Content-Type was not 'application/json'.

The above exception was the direct cause of the following exception:

Traceback (most recent call last):
  File "E:\项目\数字孪生\sh_analysis\analysis_service\app\routes\preprocess.py", line 47, in preprocess_confirm
    data = request.get_json()
           ^^^^^^^^^^^^^^^^^^
  File "E:\Python\anaconda\Lib\site-packages\werkzeug\wrappers\request.py", line 591, in get_json
    return self.on_json_loading_failed(None)
           ^^^^^^^^^^^^^^^^^^^^^^^^^^^^^^^^^
  File "E:\Python\anaconda\Lib\site-packages\flask\wrappers.py", line 133, in on_json_loading_failed
    raise BadRequest() from e
werkzeug.exceptions.BadRequest: 400 Bad Request: The browser (or proxy) sent a request that this server could not understand.

During handling of the above exception, another exception occurred:

Traceback (most recent call last):
  File "E:\Python\anaconda\Lib\site-packages\flask\app.py", line 2529, in wsgi_app
    response = self.full_dispatch_request()
               ^^^^^^^^^^^^^^^^^^^^^^^^^^^^
  File "E:\Python\anaconda\Lib\site-packages\flask\app.py", line 1825, in full_dispatch_request
    rv = self.handle_user_exception(e)
         ^^^^^^^^^^^^^^^^^^^^^^^^^^^^^
  File "E:\Python\anaconda\Lib\site-packages\flask\app.py", line 1823, in full_dispatch_request
    rv = self.dispatch_request()
         ^^^^^^^^^^^^^^^^^^^^^^^
  File "E:\Python\anaconda\Lib\site-packages\flask\app.py", line 1799, in dispatch_request
    return self.ensure_sync(self.view_functions[rule.endpoint])(**view_args)
           ^^^^^^^^^^^^^^^^^^^^^^^^^^^^^^^^^^^^^^^^^^^^^^^^^^^^^^^^^^^^^^^^^
  File "E:\项目\数字孪生\sh_analysis\analysis_service\app\utils\auth.py", line 23, in decorated
    return f(*args, **kwargs)
           ^^^^^^^^^^^^^^^^^^
  File "E:\项目\数字孪生\sh_analysis\analysis_service\app\routes\preprocess.py", line 293, in preprocess_confirm
    if room_id:
       ^^^^^^^
UnboundLocalError: cannot access local variable 'room_id' where it is not associated with a value
2025-11-17 15:51:28,795 - analysis_service.app - ERROR - Exception on /api/analysis/train/pre/confirm [POST]
Traceback (most recent call last):
  File "E:\Python\anaconda\Lib\site-packages\flask\wrappers.py", line 128, in on_json_loading_failed
    return super().on_json_loading_failed(e)
           ^^^^^^^^^^^^^^^^^^^^^^^^^^^^^^^^^
  File "E:\Python\anaconda\Lib\site-packages\werkzeug\wrappers\request.py", line 631, in on_json_loading_failed
    raise BadRequest(
werkzeug.exceptions.BadRequest: 400 Bad Request: Did not attempt to load JSON data because the request Content-Type was not 'application/json'.

The above exception was the direct cause of the following exception:

Traceback (most recent call last):
  File "E:\项目\数字孪生\sh_analysis\analysis_service\app\routes\preprocess.py", line 47, in preprocess_confirm
    data = request.get_json()
           ^^^^^^^^^^^^^^^^^^
  File "E:\Python\anaconda\Lib\site-packages\werkzeug\wrappers\request.py", line 591, in get_json
    return self.on_json_loading_failed(None)
           ^^^^^^^^^^^^^^^^^^^^^^^^^^^^^^^^^
  File "E:\Python\anaconda\Lib\site-packages\flask\wrappers.py", line 133, in on_json_loading_failed
    raise BadRequest() from e
werkzeug.exceptions.BadRequest: 400 Bad Request: The browser (or proxy) sent a request that this server could not understand.

During handling of the above exception, another exception occurred:

Traceback (most recent call last):
  File "E:\Python\anaconda\Lib\site-packages\flask\app.py", line 2529, in wsgi_app
    response = self.full_dispatch_request()
               ^^^^^^^^^^^^^^^^^^^^^^^^^^^^
  File "E:\Python\anaconda\Lib\site-packages\flask\app.py", line 1825, in full_dispatch_request
    rv = self.handle_user_exception(e)
         ^^^^^^^^^^^^^^^^^^^^^^^^^^^^^
  File "E:\Python\anaconda\Lib\site-packages\flask\app.py", line 1823, in full_dispatch_request
    rv = self.dispatch_request()
         ^^^^^^^^^^^^^^^^^^^^^^^
  File "E:\Python\anaconda\Lib\site-packages\flask\app.py", line 1799, in dispatch_request
    return self.ensure_sync(self.view_functions[rule.endpoint])(**view_args)
           ^^^^^^^^^^^^^^^^^^^^^^^^^^^^^^^^^^^^^^^^^^^^^^^^^^^^^^^^^^^^^^^^^
  File "E:\项目\数字孪生\sh_analysis\analysis_service\app\utils\auth.py", line 23, in decorated
    return f(*args, **kwargs)
           ^^^^^^^^^^^^^^^^^^
  File "E:\项目\数字孪生\sh_analysis\analysis_service\app\routes\preprocess.py", line 293, in preprocess_confirm
    if room_id:
       ^^^^^^^
UnboundLocalError: cannot access local variable 'room_id' where it is not associated with a value
2025-11-17 15:53:48,002 - analysis_service.app - ERROR - Exception on /api/analysis/train/pre/confirm [POST]
Traceback (most recent call last):
  File "E:\Python\anaconda\Lib\site-packages\werkzeug\wrappers\request.py", line 598, in get_json
    rv = self.json_module.loads(data)
         ^^^^^^^^^^^^^^^^^^^^^^^^^^^^
  File "E:\Python\anaconda\Lib\site-packages\flask\json\provider.py", line 255, in loads
    return json.loads(s, **kwargs)
           ^^^^^^^^^^^^^^^^^^^^^^^
  File "E:\Python\anaconda\Lib\json\__init__.py", line 346, in loads
    return _default_decoder.decode(s)
           ^^^^^^^^^^^^^^^^^^^^^^^^^^
  File "E:\Python\anaconda\Lib\json\decoder.py", line 337, in decode
    obj, end = self.raw_decode(s, idx=_w(s, 0).end())
               ^^^^^^^^^^^^^^^^^^^^^^^^^^^^^^^^^^^^^^
  File "E:\Python\anaconda\Lib\json\decoder.py", line 353, in raw_decode
    obj, end = self.scan_once(s, idx)
               ^^^^^^^^^^^^^^^^^^^^^^
json.decoder.JSONDecodeError: Expecting property name enclosed in double quotes: line 2 column 1 (char 3)

During handling of the above exception, another exception occurred:

Traceback (most recent call last):
  File "E:\Python\anaconda\Lib\site-packages\flask\wrappers.py", line 128, in on_json_loading_failed
    return super().on_json_loading_failed(e)
           ^^^^^^^^^^^^^^^^^^^^^^^^^^^^^^^^^
  File "E:\Python\anaconda\Lib\site-packages\werkzeug\wrappers\request.py", line 629, in on_json_loading_failed
    raise BadRequest(f"Failed to decode JSON object: {e}")
werkzeug.exceptions.BadRequest: 400 Bad Request: Failed to decode JSON object: Expecting property name enclosed in double quotes: line 2 column 1 (char 3)

The above exception was the direct cause of the following exception:

Traceback (most recent call last):
  File "E:\项目\数字孪生\sh_analysis\analysis_service\app\routes\preprocess.py", line 47, in preprocess_confirm
    data = request.get_json()
           ^^^^^^^^^^^^^^^^^^
  File "E:\Python\anaconda\Lib\site-packages\werkzeug\wrappers\request.py", line 607, in get_json
    rv = self.on_json_loading_failed(e)
         ^^^^^^^^^^^^^^^^^^^^^^^^^^^^^^
  File "E:\Python\anaconda\Lib\site-packages\flask\wrappers.py", line 133, in on_json_loading_failed
    raise BadRequest() from e
werkzeug.exceptions.BadRequest: 400 Bad Request: The browser (or proxy) sent a request that this server could not understand.

During handling of the above exception, another exception occurred:

Traceback (most recent call last):
  File "E:\Python\anaconda\Lib\site-packages\flask\app.py", line 2529, in wsgi_app
    response = self.full_dispatch_request()
               ^^^^^^^^^^^^^^^^^^^^^^^^^^^^
  File "E:\Python\anaconda\Lib\site-packages\flask\app.py", line 1825, in full_dispatch_request
    rv = self.handle_user_exception(e)
         ^^^^^^^^^^^^^^^^^^^^^^^^^^^^^
  File "E:\Python\anaconda\Lib\site-packages\flask\app.py", line 1823, in full_dispatch_request
    rv = self.dispatch_request()
         ^^^^^^^^^^^^^^^^^^^^^^^
  File "E:\Python\anaconda\Lib\site-packages\flask\app.py", line 1799, in dispatch_request
    return self.ensure_sync(self.view_functions[rule.endpoint])(**view_args)
           ^^^^^^^^^^^^^^^^^^^^^^^^^^^^^^^^^^^^^^^^^^^^^^^^^^^^^^^^^^^^^^^^^
  File "E:\项目\数字孪生\sh_analysis\analysis_service\app\utils\auth.py", line 23, in decorated
    return f(*args, **kwargs)
           ^^^^^^^^^^^^^^^^^^
  File "E:\项目\数字孪生\sh_analysis\analysis_service\app\routes\preprocess.py", line 293, in preprocess_confirm
    if room_id:
       ^^^^^^^
UnboundLocalError: cannot access local variable 'room_id' where it is not associated with a value
2025-11-19 08:38:48,343 - analysis_service.app - ERROR - Exception on /api/analysis/train/pre/confirm [POST]
Traceback (most recent call last):
  File "E:\Python\anaconda\Lib\site-packages\flask\wrappers.py", line 128, in on_json_loading_failed
    return super().on_json_loading_failed(e)
           ^^^^^^^^^^^^^^^^^^^^^^^^^^^^^^^^^
  File "E:\Python\anaconda\Lib\site-packages\werkzeug\wrappers\request.py", line 631, in on_json_loading_failed
    raise BadRequest(
werkzeug.exceptions.BadRequest: 400 Bad Request: Did not attempt to load JSON data because the request Content-Type was not 'application/json'.

The above exception was the direct cause of the following exception:

Traceback (most recent call last):
  File "E:\项目\数字孪生\sh_analysis\analysis_service\app\routes\preprocess.py", line 47, in preprocess_confirm
    data = request.get_json()
           ^^^^^^^^^^^^^^^^^^
  File "E:\Python\anaconda\Lib\site-packages\werkzeug\wrappers\request.py", line 591, in get_json
    return self.on_json_loading_failed(None)
           ^^^^^^^^^^^^^^^^^^^^^^^^^^^^^^^^^
  File "E:\Python\anaconda\Lib\site-packages\flask\wrappers.py", line 133, in on_json_loading_failed
    raise BadRequest() from e
werkzeug.exceptions.BadRequest: 400 Bad Request: The browser (or proxy) sent a request that this server could not understand.

During handling of the above exception, another exception occurred:

Traceback (most recent call last):
  File "E:\Python\anaconda\Lib\site-packages\flask\app.py", line 2529, in wsgi_app
    response = self.full_dispatch_request()
               ^^^^^^^^^^^^^^^^^^^^^^^^^^^^
  File "E:\Python\anaconda\Lib\site-packages\flask\app.py", line 1825, in full_dispatch_request
    rv = self.handle_user_exception(e)
         ^^^^^^^^^^^^^^^^^^^^^^^^^^^^^
  File "E:\Python\anaconda\Lib\site-packages\flask\app.py", line 1823, in full_dispatch_request
    rv = self.dispatch_request()
         ^^^^^^^^^^^^^^^^^^^^^^^
  File "E:\Python\anaconda\Lib\site-packages\flask\app.py", line 1799, in dispatch_request
    return self.ensure_sync(self.view_functions[rule.endpoint])(**view_args)
           ^^^^^^^^^^^^^^^^^^^^^^^^^^^^^^^^^^^^^^^^^^^^^^^^^^^^^^^^^^^^^^^^^
  File "E:\项目\数字孪生\sh_analysis\analysis_service\app\utils\auth.py", line 23, in decorated
    return f(*args, **kwargs)
           ^^^^^^^^^^^^^^^^^^
  File "E:\项目\数字孪生\sh_analysis\analysis_service\app\routes\preprocess.py", line 293, in preprocess_confirm
    if room_id:
       ^^^^^^^
UnboundLocalError: cannot access local variable 'room_id' where it is not associated with a value
2025-11-19 08:39:18,323 - analysis_service.app - ERROR - Exception on /api/analysis/train/pre/confirm [POST]
Traceback (most recent call last):
  File "E:\Python\anaconda\Lib\site-packages\flask\wrappers.py", line 128, in on_json_loading_failed
    return super().on_json_loading_failed(e)
           ^^^^^^^^^^^^^^^^^^^^^^^^^^^^^^^^^
  File "E:\Python\anaconda\Lib\site-packages\werkzeug\wrappers\request.py", line 631, in on_json_loading_failed
    raise BadRequest(
werkzeug.exceptions.BadRequest: 400 Bad Request: Did not attempt to load JSON data because the request Content-Type was not 'application/json'.

The above exception was the direct cause of the following exception:

Traceback (most recent call last):
  File "E:\项目\数字孪生\sh_analysis\analysis_service\app\routes\preprocess.py", line 47, in preprocess_confirm
    data = request.get_json()
           ^^^^^^^^^^^^^^^^^^
  File "E:\Python\anaconda\Lib\site-packages\werkzeug\wrappers\request.py", line 591, in get_json
    return self.on_json_loading_failed(None)
           ^^^^^^^^^^^^^^^^^^^^^^^^^^^^^^^^^
  File "E:\Python\anaconda\Lib\site-packages\flask\wrappers.py", line 133, in on_json_loading_failed
    raise BadRequest() from e
werkzeug.exceptions.BadRequest: 400 Bad Request: The browser (or proxy) sent a request that this server could not understand.

During handling of the above exception, another exception occurred:

Traceback (most recent call last):
  File "E:\Python\anaconda\Lib\site-packages\flask\app.py", line 2529, in wsgi_app
    response = self.full_dispatch_request()
               ^^^^^^^^^^^^^^^^^^^^^^^^^^^^
  File "E:\Python\anaconda\Lib\site-packages\flask\app.py", line 1825, in full_dispatch_request
    rv = self.handle_user_exception(e)
         ^^^^^^^^^^^^^^^^^^^^^^^^^^^^^
  File "E:\Python\anaconda\Lib\site-packages\flask\app.py", line 1823, in full_dispatch_request
    rv = self.dispatch_request()
         ^^^^^^^^^^^^^^^^^^^^^^^
  File "E:\Python\anaconda\Lib\site-packages\flask\app.py", line 1799, in dispatch_request
    return self.ensure_sync(self.view_functions[rule.endpoint])(**view_args)
           ^^^^^^^^^^^^^^^^^^^^^^^^^^^^^^^^^^^^^^^^^^^^^^^^^^^^^^^^^^^^^^^^^
  File "E:\项目\数字孪生\sh_analysis\analysis_service\app\utils\auth.py", line 23, in decorated
    return f(*args, **kwargs)
           ^^^^^^^^^^^^^^^^^^
  File "E:\项目\数字孪生\sh_analysis\analysis_service\app\routes\preprocess.py", line 293, in preprocess_confirm
    if room_id:
       ^^^^^^^
UnboundLocalError: cannot access local variable 'room_id' where it is not associated with a value
